{
  "RSpec": {
    "coverage": {
      "/home/river1440-ce/110_SOA/assignment/final_project/Headline_Connector/init.rb": {
        "lines": [
          null,
          null,
          1,
          null,
          1
        ]
      },
      "/home/river1440-ce/110_SOA/assignment/final_project/Headline_Connector/lib/init.rb": {
        "lines": [
          null,
          null,
          1,
          null,
          3,
          5,
          null,
          null
        ]
      },
      "/home/river1440-ce/110_SOA/assignment/final_project/Headline_Connector/lib/entities/feed.rb": {
        "lines": [
          null,
          null,
          1,
          1,
          null,
          1,
          1,
          1,
          1,
          null,
          1,
          1,
          1,
          1,
          1,
          null,
          null,
          null
        ]
      },
      "/home/river1440-ce/110_SOA/assignment/final_project/Headline_Connector/lib/entities/provider.rb": {
        "lines": [
          null,
          null,
          1,
          1,
          null,
          1,
          1,
          1,
          1,
          null,
          1,
          1,
          null,
          null,
          null
        ]
      },
      "/home/river1440-ce/110_SOA/assignment/final_project/Headline_Connector/lib/gateways/yt_api.rb": {
        "lines": [
          null,
          null,
          1,
          null,
          1,
          1,
          null,
          1,
          1,
          1,
          4,
          null,
          null,
          1,
          4,
          null,
          null,
          null,
          1,
          1,
          4,
          4,
          null,
          null,
          1,
          4,
          null,
          null,
          1,
          4,
          null,
          4,
          4,
          null,
          null,
          null,
          null,
          null,
          1,
          1,
          1,
          1,
          null,
          null,
          1,
          null,
          null,
          null,
          null,
          1,
          4,
          null,
          null,
          1,
          1,
          null,
          null,
          null,
          null,
          null
        ]
      },
      "/home/river1440-ce/110_SOA/assignment/final_project/Headline_Connector/lib/mappers/feed_mapper.rb": {
        "lines": [
          null,
          null,
          1,
          1,
          null,
          1,
          1,
          3,
          3,
          3,
          null,
          null,
          1,
          3,
          2,
          null,
          null,
          1,
          2,
          null,
          null,
          null,
          1,
          1,
          2,
          null,
          null,
          1,
          2,
          null,
          1,
          null,
          null,
          null,
          null,
          null,
          null,
          null,
          null,
          1,
          1,
          null,
          null,
          1,
          1,
          null,
          null,
          1,
          1,
          null,
          null,
          1,
          1,
          null,
          null,
          1,
          1,
          null,
          null,
          null,
          null,
          null
        ]
      },
      "/home/river1440-ce/110_SOA/assignment/final_project/Headline_Connector/lib/mappers/provider_mapper.rb": {
        "lines": [
          null,
          null,
          1,
          1,
          null,
          1,
          1,
          1,
          1,
          1,
          null,
          null,
          1,
          1,
          1,
          null,
          null,
          1,
          1,
          null,
          null,
          null,
          1,
          1,
          1,
          null,
          null,
          1,
          1,
          null,
          1,
          null,
          null,
          null,
          null,
          null,
          1,
          1,
          null,
          null,
          1,
          1,
          null,
          null,
          null,
          null,
          null
        ]
      }
    },
    "timestamp": 1635476044
  }
}
