{
  "RSpec": {
    "coverage": {
      "/Users/mymacbookpro/workspace/soa/api_Headline_Connector/init.rb": {
        "lines": [
          null,
          null,
          1,
          2,
          null
        ]
      },
      "/Users/mymacbookpro/workspace/soa/api_Headline_Connector/config/init.rb": {
        "lines": [
          null,
          null,
          1
        ]
      },
      "/Users/mymacbookpro/workspace/soa/api_Headline_Connector/config/environment.rb": {
        "lines": [
          null,
          null,
          1,
          1,
          1,
          1,
          null,
          1,
          null,
          1,
          1,
          null,
          null,
          1,
          null,
          null,
          null,
          1,
          1,
          null,
          1,
          1,
          1,
          1,
          1,
          null,
          null,
          1,
          0,
          0,
          0,
          null,
          null,
          null,
          1,
          1,
          null,
          null
        ]
      },
      "/Users/mymacbookpro/workspace/soa/api_Headline_Connector/app/init.rb": {
        "lines": [
          null,
          null,
          1,
          2,
          null
        ]
      },
      "/Users/mymacbookpro/workspace/soa/api_Headline_Connector/app/domain/init.rb": {
        "lines": [
          null,
          null,
          1,
          1,
          1,
          null
        ]
      },
      "/Users/mymacbookpro/workspace/soa/api_Headline_Connector/app/domain/topics/init.rb": {
        "lines": [
          null,
          null,
          1,
          1,
          4,
          13,
          null,
          null
        ]
      },
      "/Users/mymacbookpro/workspace/soa/api_Headline_Connector/app/domain/topics/entities/feed.rb": {
        "lines": [
          null,
          null,
          1,
          1,
          null,
          1,
          null,
          1,
          1,
          null,
          1,
          null,
          1,
          null,
          1,
          1,
          1,
          1,
          1,
          1,
          null,
          null,
          null
        ]
      },
      "/Users/mymacbookpro/workspace/soa/api_Headline_Connector/app/domain/topics/entities/provider.rb": {
        "lines": [
          null,
          null,
          1,
          1,
          null,
          1,
          1,
          null,
          1,
          null,
          1,
          null,
          1,
          1,
          1,
          null,
          1,
          0,
          null,
          null,
          1,
          0,
          null,
          null,
          null,
          null,
          null,
          null,
          null,
          null
        ]
      },
      "/Users/mymacbookpro/workspace/soa/api_Headline_Connector/app/domain/topics/entities/text_cloud.rb": {
        "lines": [
          null,
          null,
          1,
          1,
          null,
          null,
          null,
          1,
          1,
          null,
          1,
          null,
          1,
          null,
          1,
          null,
          null,
          null,
          null
        ]
      },
      "/Users/mymacbookpro/workspace/soa/api_Headline_Connector/app/domain/topics/entities/topic.rb": {
        "lines": [
          null,
          null,
          1,
          1,
          null,
          1,
          null,
          1,
          1,
          null,
          1,
          null,
          1,
          null,
          1,
          1,
          1,
          null,
          1,
          0,
          null,
          null,
          null,
          null,
          null,
          null,
          null,
          null
        ]
      },
      "/Users/mymacbookpro/workspace/soa/api_Headline_Connector/app/domain/topics/repositories/feeds.rb": {
        "lines": [
          null,
          null,
          1,
          1,
          null,
          1,
          1,
          null,
          1,
          1,
          0,
          null,
          null,
          1,
          0,
          null,
          null,
          1,
          0,
          null,
          null,
          1,
          0,
          null,
          null,
          1,
          0,
          null,
          null,
          1,
          0,
          null,
          0,
          null,
          null,
          null,
          null,
          null,
          null,
          null,
          null,
          null,
          null,
          1,
          0,
          0,
          null,
          null,
          null,
          1,
          0,
          null,
          0,
          null,
          null,
          null,
          null,
          null,
          null,
          null,
          0,
          null,
          null,
          null,
          null
        ]
      },
      "/Users/mymacbookpro/workspace/soa/api_Headline_Connector/app/domain/topics/repositories/providers.rb": {
        "lines": [
          null,
          null,
          1,
          null,
          1,
          1,
          null,
          1,
          1,
          0,
          null,
          null,
          1,
          0,
          null,
          0,
          null,
          null,
          null,
          null,
          null,
          null,
          1,
          0,
          null,
          null,
          null,
          null
        ]
      },
      "/Users/mymacbookpro/workspace/soa/api_Headline_Connector/app/domain/topics/repositories/for.rb": {
        "lines": [
          null,
          null,
          1,
          1,
          1,
          null,
          1,
          1,
          null,
          1,
          null,
          1,
          null,
          null,
          null,
          null,
          1,
          0,
          null,
          null,
          1,
          0,
          null,
          null,
          null,
          null
        ]
      },
      "/Users/mymacbookpro/workspace/soa/api_Headline_Connector/app/domain/topics/repositories/topics.rb": {
        "lines": [
          null,
          null,
          1,
          null,
          1,
          1,
          null,
          1,
          1,
          0,
          null,
          null,
          1,
          0,
          null,
          null,
          1,
          0,
          null,
          null,
          1,
          0,
          null,
          0,
          null,
          null,
          null,
          null,
          null,
          null,
          1,
          0,
          0,
          0,
          null,
          null,
          1,
          1,
          0,
          null,
          null,
          1,
          0,
          null,
          null,
          1,
          null,
          null,
          null,
          null,
          0,
          0,
          0,
          null,
          null,
          null,
          0,
          null,
          null,
          null,
          null,
          null
        ]
      },
      "/Users/mymacbookpro/workspace/soa/api_Headline_Connector/app/domain/topics/mappers/feed_mapper.rb": {
        "lines": [
          null,
          null,
          1,
          null,
          1,
          1,
          null,
          1,
          1,
          0,
          0,
          0,
          null,
          null,
          1,
          0,
          0,
          null,
          null,
          1,
          0,
          null,
          null,
          1,
          0,
          null,
          null,
          null,
          1,
          1,
          0,
          null,
          null,
          1,
          0,
          null,
          0,
          null,
          null,
          null,
          null,
          null,
          null,
          null,
          null,
          null,
          1,
          0,
          null,
          null,
          1,
          0,
          null,
          null,
          1,
          0,
          null,
          null,
          1,
          0,
          null,
          null,
          1,
          0,
          null,
          null,
          null,
          null,
          null
        ]
      },
      "/Users/mymacbookpro/workspace/soa/api_Headline_Connector/app/domain/topics/mappers/provider_mapper.rb": {
        "lines": [
          null,
          null,
          1,
          1,
          null,
          1,
          1,
          0,
          0,
          0,
          null,
          null,
          1,
          0,
          0,
          null,
          null,
          1,
          0,
          null,
          null,
          1,
          0,
          null,
          null,
          null,
          1,
          1,
          0,
          null,
          null,
          1,
          0,
          null,
          0,
          null,
          null,
          null,
          null,
          null,
          null,
          1,
          0,
          null,
          null,
          1,
          0,
          null,
          null,
          null,
          null,
          null
        ]
      },
      "/Users/mymacbookpro/workspace/soa/api_Headline_Connector/app/domain/topics/mappers/text_cloud_mapper.rb": {
        "lines": [
          null,
          null,
          1,
          1,
          null,
          1,
          1,
          0,
          null,
          null,
          1,
          null,
          0,
          0,
          null,
          null,
          null,
          0,
          null,
          null,
          1,
          0,
          0,
          null,
          null,
          0,
          null,
          null,
          null,
          null
        ]
      },
      "/Users/mymacbookpro/workspace/soa/api_Headline_Connector/app/domain/topics/mappers/topic_mapper.rb": {
        "lines": [
          null,
          null,
          1,
          1,
          null,
          1,
          1,
          0,
          0,
          0,
          null,
          null,
          1,
          0,
          0,
          null,
          null,
          1,
          0,
          null,
          null,
          1,
          0,
          null,
          null,
          null,
          null,
          1,
          1,
          0,
          0,
          null,
          null,
          1,
          0,
          0,
          null,
          null,
          0,
          0,
          null,
          null,
          null,
          1,
          0,
          0,
          null,
          null,
          null,
          null,
          null,
          null,
          0,
          null,
          null,
          null,
          null,
          null,
          null,
          1,
          0,
          null,
          null,
          null,
          null
        ]
      },
      "/Users/mymacbookpro/workspace/soa/api_Headline_Connector/app/domain/topics/values/get_tags.rb": {
        "lines": [
          1,
          1,
          1,
          1,
          null,
          0,
          null,
          null,
          0,
          0,
          null,
          0,
          null,
          null,
          null,
          null
        ]
      },
      "/Users/mymacbookpro/workspace/soa/api_Headline_Connector/app/infrastructure/init.rb": {
        "lines": [
          null,
          null,
          1,
          1,
          2,
          null
        ]
      },
      "/Users/mymacbookpro/workspace/soa/api_Headline_Connector/app/infrastructure/youtube/init.rb": {
        "lines": [
          null,
          null,
          1,
          2,
          null
        ]
      },
      "/Users/mymacbookpro/workspace/soa/api_Headline_Connector/app/infrastructure/youtube/youtube_api.rb": {
        "lines": [
          null,
          null,
          1,
          null,
          1,
          1,
          null,
          1,
          1,
          null,
          1,
          0,
          null,
          null,
          1,
          0,
          null,
          null,
          1,
          0,
          null,
          null,
          null,
          1,
          1,
          0,
          0,
          null,
          null,
          1,
          0,
          null,
          0,
          0,
          null,
          null,
          null,
          1,
          0,
          null,
          null,
          1,
          0,
          null,
          null,
          null,
          null,
          1,
          1,
          1,
          1,
          null,
          null,
          1,
          null,
          null,
          null,
          null,
          1,
          0,
          null,
          null,
          1,
          0,
          null,
          null,
          null,
          null,
          null
        ]
      },
      "/Users/mymacbookpro/workspace/soa/api_Headline_Connector/app/infrastructure/database/init.rb": {
        "lines": [
          null,
          null,
          1,
          1,
          1,
          null
        ]
      },
      "/Users/mymacbookpro/workspace/soa/api_Headline_Connector/app/infrastructure/database/orms/init.rb": {
        "lines": [
          null,
          null,
          1,
          1,
          null
        ]
      },
      "/Users/mymacbookpro/workspace/soa/api_Headline_Connector/app/infrastructure/database/orms/feed_orm.rb": {
        "lines": [
          null,
          null,
          1,
          null,
          1,
          1,
          null,
          1,
          0,
          null,
          null,
          0,
          null,
          null,
          null,
          null,
          0,
          null,
          null,
          null
        ]
      }
    },
    "timestamp": 1639315823
  }
}
