{
  "RSpec": {
    "coverage": {
      "/home/coslove8866/Headline_Connector/init.rb": {
        "lines": [
          null,
          null,
          1,
          2,
          null
        ]
      },
      "/home/coslove8866/Headline_Connector/config/init.rb": {
        "lines": [
          null,
          null,
          1
        ]
      },
      "/home/coslove8866/Headline_Connector/config/environment.rb": {
        "lines": [
          null,
          null,
          1,
          1,
          1,
          1,
          null,
          1,
          null,
          1,
          1,
          null,
          null,
          1,
          null,
          null,
          null,
          1,
          1,
          null,
          1,
          null,
          1,
          1,
          null,
          null,
          1,
          0,
          0,
          0,
          null,
          null,
          null,
          null,
          1,
          1,
          null,
          null
        ]
      },
      "/home/coslove8866/Headline_Connector/app/init.rb": {
        "lines": [
          null,
          null,
          1,
          4,
          null
        ]
      },
      "/home/coslove8866/Headline_Connector/app/domain/init.rb": {
        "lines": [
          null,
          null,
          1,
          1,
          1,
          null
        ]
      },
      "/home/coslove8866/Headline_Connector/app/domain/topics/init.rb": {
        "lines": [
          null,
          null,
          1,
          1,
          4,
          13,
          null,
          null
        ]
      },
      "/home/coslove8866/Headline_Connector/app/domain/topics/entities/feed.rb": {
        "lines": [
          null,
          null,
          1,
          1,
          null,
          1,
          null,
          1,
          1,
          null,
          1,
          null,
          1,
          null,
          1,
          1,
          1,
          1,
          1,
          1,
          null,
          null,
          null
        ]
      },
      "/home/coslove8866/Headline_Connector/app/domain/topics/entities/provider.rb": {
        "lines": [
          null,
          null,
          1,
          1,
          null,
          1,
          1,
          null,
          1,
          null,
          1,
          null,
          1,
          1,
          1,
          null,
          1,
          600,
          null,
          null,
          1,
          0,
          null,
          null,
          null,
          null,
          null,
          null,
          null,
          null
        ]
      },
      "/home/coslove8866/Headline_Connector/app/domain/topics/entities/text_cloud.rb": {
        "lines": [
          null,
          null,
          1,
          1,
          null,
          null,
          null,
          1,
          1,
          null,
          1,
          null,
          1,
          null,
          1,
          null,
          null,
          null,
          null
        ]
      },
      "/home/coslove8866/Headline_Connector/app/domain/topics/entities/topic.rb": {
        "lines": [
          null,
          null,
          1,
          1,
          null,
          1,
          null,
          1,
          1,
          null,
          1,
          null,
          1,
          null,
          1,
          1,
          1,
          null,
          1,
          0,
          null,
          null,
          null,
          null,
          null,
          null,
          null,
          null
        ]
      },
      "/home/coslove8866/Headline_Connector/app/domain/topics/repositories/feeds.rb": {
        "lines": [
          null,
          null,
          1,
          null,
          1,
          1,
          null,
          1,
          1,
          0,
          null,
          null,
          1,
          150,
          null,
          null,
          1,
          150,
          null,
          null,
          1,
          350,
          null,
          null,
          1,
          0,
          null,
          null,
          1,
          350,
          null,
          50,
          null,
          null,
          null,
          null,
          null,
          null,
          null,
          null,
          null,
          null,
          1,
          6,
          300,
          null,
          null,
          null,
          1,
          150,
          null,
          150,
          null,
          null,
          null,
          null,
          null,
          null,
          null,
          null,
          null,
          null
        ]
      },
      "/home/coslove8866/Headline_Connector/app/domain/topics/repositories/providers.rb": {
        "lines": [
          null,
          null,
          1,
          null,
          1,
          1,
          null,
          1,
          1,
          0,
          null,
          null,
          1,
          50,
          null,
          50,
          null,
          null,
          null,
          null,
          null,
          null,
          1,
          150,
          null,
          null,
          null,
          null
        ]
      },
      "/home/coslove8866/Headline_Connector/app/domain/topics/repositories/for.rb": {
        "lines": [
          null,
          null,
          1,
          1,
          1,
          null,
          1,
          1,
          null,
          1,
          null,
          1,
          null,
          null,
          null,
          null,
          1,
          357,
          null,
          null,
          1,
          2,
          null,
          null,
          null,
          null
        ]
      },
      "/home/coslove8866/Headline_Connector/app/domain/topics/repositories/topics.rb": {
        "lines": [
          null,
          null,
          1,
          null,
          1,
          1,
          null,
          1,
          1,
          0,
          null,
          null,
          1,
          5,
          null,
          null,
          1,
          9,
          null,
          null,
          1,
          12,
          null,
          6,
          null,
          null,
          null,
          null,
          null,
          null,
          1,
          5,
          3,
          3,
          null,
          null,
          1,
          1,
          3,
          null,
          null,
          1,
          3,
          null,
          null,
          1,
          null,
          null,
          null,
          null,
          3,
          3,
          150,
          null,
          null,
          null,
          0,
          null,
          null,
          null,
          null,
          null
        ]
      },
      "/home/coslove8866/Headline_Connector/app/domain/topics/mappers/feed_mapper.rb": {
        "lines": [
          null,
          null,
          1,
          null,
          1,
          1,
          null,
          1,
          1,
          150,
          150,
          150,
          null,
          null,
          1,
          150,
          150,
          null,
          null,
          1,
          150,
          null,
          null,
          1,
          0,
          null,
          null,
          null,
          1,
          1,
          150,
          null,
          null,
          1,
          150,
          null,
          150,
          null,
          null,
          null,
          null,
          null,
          null,
          null,
          null,
          null,
          1,
          150,
          null,
          null,
          1,
          150,
          null,
          null,
          1,
          150,
          null,
          null,
          1,
          150,
          null,
          null,
          1,
          150,
          null,
          null,
          null,
          null,
          null
        ]
      },
      "/home/coslove8866/Headline_Connector/app/domain/topics/mappers/provider_mapper.rb": {
        "lines": [
          null,
          null,
          1,
          1,
          null,
          1,
          1,
          0,
          0,
          0,
          null,
          null,
          1,
          0,
          0,
          null,
          null,
          1,
          0,
          null,
          null,
          1,
          150,
          null,
          null,
          null,
          1,
          1,
          150,
          null,
          null,
          1,
          150,
          null,
          150,
          null,
          null,
          null,
          null,
          null,
          null,
          1,
          150,
          null,
          null,
          1,
          150,
          null,
          null,
          null,
          null,
          null
        ]
      },
      "/home/coslove8866/Headline_Connector/app/domain/topics/mappers/text_cloud_mapper.rb": {
        "lines": [
          null,
          null,
          1,
          1,
          null,
          1,
          1,
          1,
          null,
          null,
          1,
          null,
          1,
          50,
          null,
          null,
          null,
          1,
          null,
          null,
          1,
          1,
          null,
          null,
          null,
          null
        ]
      },
      "/home/coslove8866/Headline_Connector/app/domain/topics/mappers/topic_mapper.rb": {
        "lines": [
          null,
          null,
          1,
          1,
          null,
          1,
          1,
          5,
          5,
          5,
          null,
          null,
          1,
          5,
          5,
          null,
          null,
          1,
          5,
          null,
          null,
          1,
          0,
          null,
          null,
          null,
          null,
          1,
          1,
          5,
          5,
          null,
          null,
          1,
          5,
          250,
          null,
          null,
          5,
          250,
          null,
          null,
          null,
          1,
          5,
          0,
          null,
          null,
          null,
          null,
          null,
          null,
          5,
          null,
          null,
          null,
          null,
          null,
          null,
          1,
          5,
          null,
          null,
          null,
          null
        ]
      },
      "/home/coslove8866/Headline_Connector/app/domain/topics/values/get_tags.rb": {
        "lines": [
          1,
          1,
          1,
          1,
          null,
          1,
          null,
          null,
          1,
          1025,
          null,
          1,
          null,
          null,
          null,
          null
        ]
      },
      "/home/coslove8866/Headline_Connector/app/infrastructure/init.rb": {
        "lines": [
          null,
          null,
          1,
          1,
          2,
          null
        ]
      },
      "/home/coslove8866/Headline_Connector/app/infrastructure/youtube/init.rb": {
        "lines": [
          null,
          null,
          1,
          2,
          null
        ]
      },
      "/home/coslove8866/Headline_Connector/app/infrastructure/youtube/youtube_api.rb": {
        "lines": [
          null,
          null,
          1,
          null,
          1,
          1,
          null,
          1,
          1,
          null,
          1,
          155,
          null,
          null,
          1,
          150,
          null,
          null,
          1,
          5,
          null,
          null,
          null,
          1,
          1,
          155,
          155,
          null,
          null,
          1,
          155,
          null,
          155,
          155,
          null,
          null,
          null,
          1,
          150,
          null,
          null,
          1,
          5,
          null,
          null,
          null,
          null,
          1,
          1,
          1,
          1,
          null,
          null,
          1,
          null,
          null,
          null,
          null,
          1,
          155,
          null,
          null,
          1,
          0,
          null,
          null,
          null,
          null,
          null
        ]
      },
      "/home/coslove8866/Headline_Connector/app/infrastructure/database/init.rb": {
        "lines": [
          null,
          null,
          1,
          1,
          1,
          null
        ]
      },
      "/home/coslove8866/Headline_Connector/app/infrastructure/database/orms/init.rb": {
        "lines": [
          null,
          null,
          1,
          4,
          null
        ]
      },
      "/home/coslove8866/Headline_Connector/app/infrastructure/database/orms/feed_orm.rb": {
        "lines": [
          null,
          null,
          1,
          null,
          1,
          1,
          null,
          1,
          1,
          null,
          null,
          1,
          null,
          null,
          null,
          null,
          1,
          null,
          null,
          null
        ]
      },
      "/home/coslove8866/Headline_Connector/app/infrastructure/database/orms/provider_orm.rb": {
        "lines": [
          null,
          null,
          1,
          null,
          1,
          1,
          null,
          1,
          1,
          null,
          null,
          null,
          1,
          null,
          null,
          1,
          150,
          null,
          null,
          null,
          null
        ]
      },
      "/home/coslove8866/Headline_Connector/app/infrastructure/database/orms/topic_orm.rb": {
        "lines": [
          null,
          null,
          1,
          null,
          1,
          1,
          null,
          1,
          1,
          null,
          null,
          null,
          null,
          1,
          null,
          null,
          null
        ]
      },
      "/home/coslove8866/Headline_Connector/app/presentation/init.rb": {
        "lines": [
          null,
          null,
          1,
          1,
          1,
          null
        ]
      },
      "/home/coslove8866/Headline_Connector/app/presentation/view_objects/init.rb": {
        "lines": [
          null,
          null,
          1,
          5,
          null
        ]
      },
      "/home/coslove8866/Headline_Connector/app/presentation/view_objects/feed.rb": {
        "lines": [
          1,
          null,
          1,
          1,
          0,
          null,
          null,
          1,
          0,
          null,
          null,
          1,
          0,
          null,
          null,
          1,
          0,
          null,
          null,
          1,
          0,
          null,
          null,
          1,
          0,
          null,
          null,
          1,
          0,
          null,
          null,
          1,
          0,
          null,
          null,
          null,
          null
        ]
      },
      "/home/coslove8866/Headline_Connector/app/presentation/view_objects/provider.rb": {
        "lines": [
          1,
          null,
          1,
          1,
          0,
          null,
          null,
          1,
          0,
          null,
          null,
          1,
          0,
          null,
          null,
          1,
          0,
          null,
          null,
          1,
          0,
          null,
          null,
          null,
          null
        ]
      },
      "/home/coslove8866/Headline_Connector/app/presentation/view_objects/text_cloud.rb": {
        "lines": [
          1,
          null,
          1,
          1,
          0,
          null,
          null,
          1,
          0,
          null,
          null,
          1,
          0,
          null,
          null,
          null,
          null
        ]
      },
      "/home/coslove8866/Headline_Connector/app/presentation/view_objects/topic.rb": {
        "lines": [
          1,
          null,
          1,
          1,
          0,
          null,
          null,
          1,
          0,
          null,
          null,
          1,
          0,
          null,
          null,
          1,
          0,
          null,
          null,
          null,
          null
        ]
      },
      "/home/coslove8866/Headline_Connector/app/application/init.rb": {
        "lines": [
          null,
          null,
          1,
          1,
          3,
          null
        ]
      },
      "/home/coslove8866/Headline_Connector/app/application/forms/init.rb": {
        "lines": [
          null,
          null,
          1,
          2,
          null
        ]
      },
      "/home/coslove8866/Headline_Connector/app/application/forms/new_topic.rb": {
        "lines": [
          null,
          null,
          1,
          null,
          1,
          1,
          1,
          1,
          null,
          null,
          1,
          1,
          null,
          null,
          1,
          3,
          0,
          null,
          null,
          null,
          null,
          null
        ]
      },
      "/home/coslove8866/Headline_Connector/app/application/services/init.rb": {
        "lines": [
          null,
          null,
          1,
          3,
          null
        ]
      },
      "/home/coslove8866/Headline_Connector/app/application/services/add_topic.rb": {
        "lines": [
          null,
          null,
          1,
          null,
          1,
          1,
          null,
          1,
          1,
          null,
          1,
          1,
          1,
          null,
          1,
          null,
          1,
          3,
          3,
          null,
          0,
          null,
          null,
          null,
          1,
          3,
          0,
          null,
          3,
          null,
          3,
          null,
          0,
          0,
          null,
          null,
          1,
          null,
          3,
          null,
          null,
          3,
          null,
          3,
          null,
          0,
          null,
          3,
          null,
          0,
          0,
          null,
          null,
          null,
          null,
          1,
          3,
          null,
          null,
          null,
          0,
          0,
          null,
          null,
          1,
          3,
          null,
          0,
          0,
          null,
          null,
          1,
          3,
          150,
          0,
          null,
          150,
          150,
          null,
          null,
          null,
          0,
          0,
          null,
          null,
          1,
          150,
          null,
          0,
          null,
          null,
          1,
          150,
          null,
          0,
          null,
          null,
          1,
          150,
          null,
          0,
          null,
          null,
          null,
          null
        ]
      },
      "/home/coslove8866/Headline_Connector/app/application/services/generate_text_cloud.rb": {
        "lines": [
          null,
          null,
          1,
          null,
          1,
          1,
          null,
          1,
          1,
          null,
          1,
          1,
          1,
          null,
          1,
          null,
          1,
          1,
          null,
          1,
          null,
          null,
          0,
          0,
          null,
          null,
          1,
          null,
          1,
          50,
          null,
          null,
          1,
          50,
          null,
          null,
          1,
          null,
          null,
          0,
          0,
          null,
          null,
          1,
          1,
          null,
          1,
          null,
          0,
          0,
          null,
          null,
          null,
          null,
          null,
          null,
          null,
          null
        ]
      },
      "/home/coslove8866/Headline_Connector/app/application/controllers/init.rb": {
        "lines": [
          null,
          null,
          1,
          3,
          null
        ]
      },
      "/home/coslove8866/Headline_Connector/app/application/controllers/app.rb": {
        "lines": [
          null,
          null,
          1,
          1,
          1,
          1,
          null,
          1,
          null,
          1,
          1,
          null,
          1,
          1,
          1,
          1,
          1,
          null,
          null,
          1,
          null,
          1,
          0,
          null,
          null,
          0,
          null,
          0,
          null,
          0,
          null,
          null,
          0,
          0,
          null,
          0,
          0,
          0,
          null,
          0,
          0,
          0,
          null,
          null,
          0,
          null,
          null,
          0,
          null,
          null,
          0,
          0,
          null,
          null,
          null,
          0,
          null,
          0,
          null,
          0,
          null,
          0,
          null,
          null,
          null,
          null,
          null,
          null,
          0,
          null,
          null,
          null,
          0,
          null,
          null,
          null,
          null,
          null,
          null,
          null
        ]
      },
      "/home/coslove8866/Headline_Connector/app/application/controllers/helpers.rb": {
        "lines": [
          null,
          null,
          1,
          1,
          null,
          1,
          1,
          0,
          0,
          null,
          null,
          1,
          null,
          null,
          null
        ]
      },
      "/home/coslove8866/Headline_Connector/spec/helpers/vcr_helper.rb": {
        "lines": [
          null,
          null,
          1,
          1,
          null,
          null,
          1,
          1,
          1,
          null,
          1,
          1,
          1,
          1,
          null,
          null,
          null,
          1,
          3,
          321,
          321,
          null,
          null,
          3,
          null,
          null,
          null,
          null,
          null,
          null,
          1,
          3,
          null,
          null
        ]
      },
      "/home/coslove8866/Headline_Connector/spec/helpers/database_helper.rb": {
        "lines": [
          null,
          null,
          null,
          1,
          1,
          null,
          3,
          3,
          3,
          3,
          3,
          null,
          null
        ]
      }
    },
    "timestamp": 1638562330
  }
}
